<?xml version="1.0" encoding="UTF-8"?>
<!-- Generated by org.testng.reporters.JUnitXMLReporter -->
<testsuite ignored="0" hostname="admin" failures="0" tests="4" name="Test" time="15.059" errors="0" timestamp="2023-04-06T00:49:22 IST">
  <testcase classname="test_class.Get_tc1" name="orchestrator" time="9.185"/>
  <testcase classname="test_class.Patch_tc1" name="orchestrator" time="2.952"/>
  <testcase classname="test_class.Post_tc1" name="orchestrator" time="1.276"/>
  <testcase classname="test_class.Put_tc1" name="orchestrator" time="1.212"/>
</testsuite> <!-- Test -->
