<?xml version="1.0" encoding="UTF-8"?>
<testng-results ignored="0" total="4" passed="4" failed="0" skipped="0">
  <reporter-output>
  </reporter-output>
  <suite started-at="2023-04-06T00:49:07 IST" name="Suite" finished-at="2023-04-06T00:49:22 IST" duration-ms="15059">
    <groups>
    </groups>
    <test started-at="2023-04-06T00:49:07 IST" name="Test" finished-at="2023-04-06T00:49:22 IST" duration-ms="15059">
      <class name="test_class.Put_tc1">
        <test-method signature="orchestrator()[pri:0, instance:test_class.Put_tc1@75437611]" started-at="2023-04-06T00:49:21 IST" name="orchestrator" finished-at="2023-04-06T00:49:22 IST" duration-ms="1212" status="PASS">
          <reporter-output>
          </reporter-output>
        </test-method> <!-- orchestrator -->
      </class> <!-- test_class.Put_tc1 -->
      <class name="test_class.Post_tc1">
        <test-method signature="orchestrator()[pri:0, instance:test_class.Post_tc1@742ff096]" started-at="2023-04-06T00:49:19 IST" name="orchestrator" finished-at="2023-04-06T00:49:21 IST" duration-ms="1276" status="PASS">
          <reporter-output>
          </reporter-output>
        </test-method> <!-- orchestrator -->
      </class> <!-- test_class.Post_tc1 -->
      <class name="test_class.Patch_tc1">
        <test-method signature="orchestrator()[pri:0, instance:test_class.Patch_tc1@7bba5817]" started-at="2023-04-06T00:49:16 IST" name="orchestrator" finished-at="2023-04-06T00:49:19 IST" duration-ms="2952" status="PASS">
          <reporter-output>
          </reporter-output>
        </test-method> <!-- orchestrator -->
      </class> <!-- test_class.Patch_tc1 -->
      <class name="test_class.Get_tc1">
        <test-method signature="orchestrator()[pri:0, instance:test_class.Get_tc1@53045c6c]" started-at="2023-04-06T00:49:07 IST" name="orchestrator" finished-at="2023-04-06T00:49:16 IST" duration-ms="9185" status="PASS">
          <reporter-output>
          </reporter-output>
        </test-method> <!-- orchestrator -->
      </class> <!-- test_class.Get_tc1 -->
    </test> <!-- Test -->
  </suite> <!-- Suite -->
</testng-results>
